{"total": {"lines":{"total":2822,"covered":1934,"skipped":0,"pct":68.53},"statements":{"total":2822,"covered":1934,"skipped":0,"pct":68.53},"functions":{"total":168,"covered":120,"skipped":0,"pct":71.42},"branches":{"total":577,"covered":496,"skipped":0,"pct":85.96},"branchesTrue":{"total":0,"covered":0,"skipped":0,"pct":100}}
,"/Users/dm/dev/dev/個人開発/UBM-Hyogo/.worktrees/task-20260503-083332-wt-8/apps/web/src/components/admin/AuditLogPanel.tsx": {"lines":{"total":201,"covered":201,"skipped":0,"pct":100},"functions":{"total":11,"covered":11,"skipped":0,"pct":100},"statements":{"total":201,"covered":201,"skipped":0,"pct":100},"branches":{"total":79,"covered":78,"skipped":0,"pct":98.73}}
,"/Users/dm/dev/dev/個人開発/UBM-Hyogo/.worktrees/task-20260503-083332-wt-8/apps/web/src/components/admin/MeetingPanel.tsx": {"lines":{"total":152,"covered":149,"skipped":0,"pct":98.02},"functions":{"total":12,"covered":12,"skipped":0,"pct":100},"statements":{"total":152,"covered":149,"skipped":0,"pct":98.02},"branches":{"total":45,"covered":38,"skipped":0,"pct":84.44}}
,"/Users/dm/dev/dev/個人開発/UBM-Hyogo/.worktrees/task-20260503-083332-wt-8/apps/web/src/components/admin/MemberDrawer.tsx": {"lines":{"total":179,"covered":173,"skipped":0,"pct":96.64},"functions":{"total":11,"covered":10,"skipped":0,"pct":90.9},"statements":{"total":179,"covered":173,"skipped":0,"pct":96.64},"branches":{"total":39,"covered":33,"skipped":0,"pct":84.61}}
,"/Users/dm/dev/dev/個人開発/UBM-Hyogo/.worktrees/task-20260503-083332-wt-8/apps/web/src/components/admin/MembersClient.tsx": {"lines":{"total":182,"covered":138,"skipped":0,"pct":75.82},"functions":{"total":20,"covered":7,"skipped":0,"pct":35},"statements":{"total":182,"covered":138,"skipped":0,"pct":75.82},"branches":{"total":30,"covered":28,"skipped":0,"pct":93.33}}
,"/Users/dm/dev/dev/個人開発/UBM-Hyogo/.worktrees/task-20260503-083332-wt-8/apps/web/src/components/admin/RequestQueuePanel.tsx": {"lines":{"total":192,"covered":186,"skipped":0,"pct":96.87},"functions":{"total":12,"covered":7,"skipped":0,"pct":58.33},"statements":{"total":192,"covered":186,"skipped":0,"pct":96.87},"branches":{"total":35,"covered":21,"skipped":0,"pct":60}}
,"/Users/dm/dev/dev/個人開発/UBM-Hyogo/.worktrees/task-20260503-083332-wt-8/apps/web/src/components/admin/SchemaDiffPanel.tsx": {"lines":{"total":87,"covered":87,"skipped":0,"pct":100},"functions":{"total":6,"covered":6,"skipped":0,"pct":100},"statements":{"total":87,"covered":87,"skipped":0,"pct":100},"branches":{"total":23,"covered":22,"skipped":0,"pct":95.65}}
,"/Users/dm/dev/dev/個人開発/UBM-Hyogo/.worktrees/task-20260503-083332-wt-8/apps/web/src/components/admin/TagQueuePanel.tsx": {"lines":{"total":136,"covered":136,"skipped":0,"pct":100},"functions":{"total":8,"covered":8,"skipped":0,"pct":100},"statements":{"total":136,"covered":136,"skipped":0,"pct":100},"branches":{"total":52,"covered":50,"skipped":0,"pct":96.15}}
,"/Users/dm/dev/dev/個人開発/UBM-Hyogo/.worktrees/task-20260503-083332-wt-8/apps/web/src/components/feedback/EmptyState.tsx": {"lines":{"total":20,"covered":20,"skipped":0,"pct":100},"functions":{"total":1,"covered":1,"skipped":0,"pct":100},"statements":{"total":20,"covered":20,"skipped":0,"pct":100},"branches":{"total":5,"covered":5,"skipped":0,"pct":100}}
,"/Users/dm/dev/dev/個人開発/UBM-Hyogo/.worktrees/task-20260503-083332-wt-8/apps/web/src/components/layout/AdminSidebar.tsx": {"lines":{"total":22,"covered":22,"skipped":0,"pct":100},"functions":{"total":1,"covered":1,"skipped":0,"pct":100},"statements":{"total":22,"covered":22,"skipped":0,"pct":100},"branches":{"total":2,"covered":2,"skipped":0,"pct":100}}
,"/Users/dm/dev/dev/個人開発/UBM-Hyogo/.worktrees/task-20260503-083332-wt-8/apps/web/src/components/public/FormPreviewSections.tsx": {"lines":{"total":48,"covered":48,"skipped":0,"pct":100},"functions":{"total":1,"covered":1,"skipped":0,"pct":100},"statements":{"total":48,"covered":48,"skipped":0,"pct":100},"branches":{"total":9,"covered":9,"skipped":0,"pct":100}}
,"/Users/dm/dev/dev/個人開発/UBM-Hyogo/.worktrees/task-20260503-083332-wt-8/apps/web/src/components/public/Hero.tsx": {"lines":{"total":20,"covered":20,"skipped":0,"pct":100},"functions":{"total":1,"covered":1,"skipped":0,"pct":100},"statements":{"total":20,"covered":20,"skipped":0,"pct":100},"branches":{"total":7,"covered":7,"skipped":0,"pct":100}}
,"/Users/dm/dev/dev/個人開発/UBM-Hyogo/.worktrees/task-20260503-083332-wt-8/apps/web/src/components/public/MemberCard.tsx": {"lines":{"total":27,"covered":27,"skipped":0,"pct":100},"functions":{"total":1,"covered":1,"skipped":0,"pct":100},"statements":{"total":27,"covered":27,"skipped":0,"pct":100},"branches":{"total":13,"covered":13,"skipped":0,"pct":100}}
,"/Users/dm/dev/dev/個人開発/UBM-Hyogo/.worktrees/task-20260503-083332-wt-8/apps/web/src/components/public/ProfileHero.tsx": {"lines":{"total":19,"covered":19,"skipped":0,"pct":100},"functions":{"total":1,"covered":1,"skipped":0,"pct":100},"statements":{"total":19,"covered":19,"skipped":0,"pct":100},"branches":{"total":7,"covered":7,"skipped":0,"pct":100}}
,"/Users/dm/dev/dev/個人開発/UBM-Hyogo/.worktrees/task-20260503-083332-wt-8/apps/web/src/components/public/StatCard.tsx": {"lines":{"total":28,"covered":28,"skipped":0,"pct":100},"functions":{"total":1,"covered":1,"skipped":0,"pct":100},"statements":{"total":28,"covered":28,"skipped":0,"pct":100},"branches":{"total":2,"covered":2,"skipped":0,"pct":100}}
,"/Users/dm/dev/dev/個人開発/UBM-Hyogo/.worktrees/task-20260503-083332-wt-8/apps/web/src/components/public/Timeline.tsx": {"lines":{"total":18,"covered":18,"skipped":0,"pct":100},"functions":{"total":1,"covered":1,"skipped":0,"pct":100},"statements":{"total":18,"covered":18,"skipped":0,"pct":100},"branches":{"total":4,"covered":4,"skipped":0,"pct":100}}
,"/Users/dm/dev/dev/個人開発/UBM-Hyogo/.worktrees/task-20260503-083332-wt-8/apps/web/src/components/ui/Avatar.tsx": {"lines":{"total":15,"covered":15,"skipped":0,"pct":100},"functions":{"total":2,"covered":2,"skipped":0,"pct":100},"statements":{"total":15,"covered":15,"skipped":0,"pct":100},"branches":{"total":3,"covered":3,"skipped":0,"pct":100}}
,"/Users/dm/dev/dev/個人開発/UBM-Hyogo/.worktrees/task-20260503-083332-wt-8/apps/web/src/components/ui/Button.tsx": {"lines":{"total":7,"covered":7,"skipped":0,"pct":100},"functions":{"total":1,"covered":1,"skipped":0,"pct":100},"statements":{"total":7,"covered":7,"skipped":0,"pct":100},"branches":{"total":4,"covered":4,"skipped":0,"pct":100}}
,"/Users/dm/dev/dev/個人開発/UBM-Hyogo/.worktrees/task-20260503-083332-wt-8/apps/web/src/components/ui/Chip.tsx": {"lines":{"total":4,"covered":4,"skipped":0,"pct":100},"functions":{"total":1,"covered":1,"skipped":0,"pct":100},"statements":{"total":4,"covered":4,"skipped":0,"pct":100},"branches":{"total":1,"covered":1,"skipped":0,"pct":100}}
,"/Users/dm/dev/dev/個人開発/UBM-Hyogo/.worktrees/task-20260503-083332-wt-8/apps/web/src/components/ui/Drawer.tsx": {"lines":{"total":46,"covered":41,"skipped":0,"pct":89.13},"functions":{"total":2,"covered":2,"skipped":0,"pct":100},"statements":{"total":46,"covered":41,"skipped":0,"pct":89.13},"branches":{"total":17,"covered":11,"skipped":0,"pct":64.7}}
,"/Users/dm/dev/dev/個人開発/UBM-Hyogo/.worktrees/task-20260503-083332-wt-8/apps/web/src/components/ui/Field.tsx": {"lines":{"total":9,"covered":9,"skipped":0,"pct":100},"functions":{"total":1,"covered":1,"skipped":0,"pct":100},"statements":{"total":9,"covered":9,"skipped":0,"pct":100},"branches":{"total":2,"covered":1,"skipped":0,"pct":50}}
,"/Users/dm/dev/dev/個人開発/UBM-Hyogo/.worktrees/task-20260503-083332-wt-8/apps/web/src/components/ui/Input.tsx": {"lines":{"total":4,"covered":4,"skipped":0,"pct":100},"functions":{"total":1,"covered":1,"skipped":0,"pct":100},"statements":{"total":4,"covered":4,"skipped":0,"pct":100},"branches":{"total":1,"covered":1,"skipped":0,"pct":100}}
,"/Users/dm/dev/dev/個人開発/UBM-Hyogo/.worktrees/task-20260503-083332-wt-8/apps/web/src/components/ui/KVList.tsx": {"lines":{"total":12,"covered":12,"skipped":0,"pct":100},"functions":{"total":1,"covered":1,"skipped":0,"pct":100},"statements":{"total":12,"covered":12,"skipped":0,"pct":100},"branches":{"total":2,"covered":2,"skipped":0,"pct":100}}
,"/Users/dm/dev/dev/個人開発/UBM-Hyogo/.worktrees/task-20260503-083332-wt-8/apps/web/src/components/ui/LinkPills.tsx": {"lines":{"total":17,"covered":17,"skipped":0,"pct":100},"functions":{"total":1,"covered":1,"skipped":0,"pct":100},"statements":{"total":17,"covered":17,"skipped":0,"pct":100},"branches":{"total":2,"covered":2,"skipped":0,"pct":100}}
,"/Users/dm/dev/dev/個人開発/UBM-Hyogo/.worktrees/task-20260503-083332-wt-8/apps/web/src/components/ui/Modal.tsx": {"lines":{"total":46,"covered":40,"skipped":0,"pct":86.95},"functions":{"total":2,"covered":2,"skipped":0,"pct":100},"statements":{"total":46,"covered":40,"skipped":0,"pct":86.95},"branches":{"total":16,"covered":11,"skipped":0,"pct":68.75}}
,"/Users/dm/dev/dev/個人開発/UBM-Hyogo/.worktrees/task-20260503-083332-wt-8/apps/web/src/components/ui/Search.tsx": {"lines":{"total":15,"covered":15,"skipped":0,"pct":100},"functions":{"total":3,"covered":2,"skipped":0,"pct":66.66},"statements":{"total":15,"covered":15,"skipped":0,"pct":100},"branches":{"total":2,"covered":2,"skipped":0,"pct":100}}
,"/Users/dm/dev/dev/個人開発/UBM-Hyogo/.worktrees/task-20260503-083332-wt-8/apps/web/src/components/ui/Segmented.tsx": {"lines":{"total":15,"covered":15,"skipped":0,"pct":100},"functions":{"total":2,"covered":1,"skipped":0,"pct":50},"statements":{"total":15,"covered":15,"skipped":0,"pct":100},"branches":{"total":2,"covered":2,"skipped":0,"pct":100}}
,"/Users/dm/dev/dev/個人開発/UBM-Hyogo/.worktrees/task-20260503-083332-wt-8/apps/web/src/components/ui/Select.tsx": {"lines":{"total":11,"covered":11,"skipped":0,"pct":100},"functions":{"total":1,"covered":1,"skipped":0,"pct":100},"statements":{"total":11,"covered":11,"skipped":0,"pct":100},"branches":{"total":2,"covered":2,"skipped":0,"pct":100}}
,"/Users/dm/dev/dev/個人開発/UBM-Hyogo/.worktrees/task-20260503-083332-wt-8/apps/web/src/components/ui/Switch.tsx": {"lines":{"total":11,"covered":11,"skipped":0,"pct":100},"functions":{"total":2,"covered":1,"skipped":0,"pct":50},"statements":{"total":11,"covered":11,"skipped":0,"pct":100},"branches":{"total":1,"covered":1,"skipped":0,"pct":100}}
,"/Users/dm/dev/dev/個人開発/UBM-Hyogo/.worktrees/task-20260503-083332-wt-8/apps/web/src/components/ui/Textarea.tsx": {"lines":{"total":4,"covered":4,"skipped":0,"pct":100},"functions":{"total":1,"covered":1,"skipped":0,"pct":100},"statements":{"total":4,"covered":4,"skipped":0,"pct":100},"branches":{"total":1,"covered":1,"skipped":0,"pct":100}}
,"/Users/dm/dev/dev/個人開発/UBM-Hyogo/.worktrees/task-20260503-083332-wt-8/apps/web/src/components/ui/Toast.tsx": {"lines":{"total":26,"covered":16,"skipped":0,"pct":61.53},"functions":{"total":2,"covered":1,"skipped":0,"pct":50},"statements":{"total":26,"covered":16,"skipped":0,"pct":61.53},"branches":{"total":1,"covered":1,"skipped":0,"pct":100}}
,"/Users/dm/dev/dev/個人開発/UBM-Hyogo/.worktrees/task-20260503-083332-wt-8/apps/web/src/components/ui/icons.ts": {"lines":{"total":8,"covered":0,"skipped":0,"pct":0},"functions":{"total":1,"covered":0,"skipped":0,"pct":0},"statements":{"total":8,"covered":0,"skipped":0,"pct":0},"branches":{"total":1,"covered":0,"skipped":0,"pct":0}}
,"/Users/dm/dev/dev/個人開発/UBM-Hyogo/.worktrees/task-20260503-083332-wt-8/apps/web/src/components/ui/index.ts": {"lines":{"total":15,"covered":0,"skipped":0,"pct":0},"functions":{"total":1,"covered":0,"skipped":0,"pct":0},"statements":{"total":15,"covered":0,"skipped":0,"pct":0},"branches":{"total":1,"covered":0,"skipped":0,"pct":0}}
,"/Users/dm/dev/dev/個人開発/UBM-Hyogo/.worktrees/task-20260503-083332-wt-8/apps/web/src/lib/auth.ts": {"lines":{"total":334,"covered":0,"skipped":0,"pct":0},"functions":{"total":1,"covered":0,"skipped":0,"pct":0},"statements":{"total":334,"covered":0,"skipped":0,"pct":0},"branches":{"total":1,"covered":0,"skipped":0,"pct":0}}
,"/Users/dm/dev/dev/個人開発/UBM-Hyogo/.worktrees/task-20260503-083332-wt-8/apps/web/src/lib/session.ts": {"lines":{"total":24,"covered":0,"skipped":0,"pct":0},"functions":{"total":1,"covered":0,"skipped":0,"pct":0},"statements":{"total":24,"covered":0,"skipped":0,"pct":0},"branches":{"total":1,"covered":0,"skipped":0,"pct":0}}
,"/Users/dm/dev/dev/個人開発/UBM-Hyogo/.worktrees/task-20260503-083332-wt-8/apps/web/src/lib/tones.ts": {"lines":{"total":11,"covered":11,"skipped":0,"pct":100},"functions":{"total":2,"covered":2,"skipped":0,"pct":100},"statements":{"total":11,"covered":11,"skipped":0,"pct":100},"branches":{"total":10,"covered":10,"skipped":0,"pct":100}}
,"/Users/dm/dev/dev/個人開発/UBM-Hyogo/.worktrees/task-20260503-083332-wt-8/apps/web/src/lib/admin/api.ts": {"lines":{"total":66,"covered":11,"skipped":0,"pct":16.66},"functions":{"total":12,"covered":0,"skipped":0,"pct":0},"statements":{"total":66,"covered":11,"skipped":0,"pct":16.66},"branches":{"total":0,"covered":0,"skipped":0,"pct":100}}
,"/Users/dm/dev/dev/個人開発/UBM-Hyogo/.worktrees/task-20260503-083332-wt-8/apps/web/src/lib/admin/server-fetch.ts": {"lines":{"total":32,"covered":4,"skipped":0,"pct":12.5},"functions":{"total":3,"covered":0,"skipped":0,"pct":0},"statements":{"total":32,"covered":4,"skipped":0,"pct":12.5},"branches":{"total":0,"covered":0,"skipped":0,"pct":100}}
,"/Users/dm/dev/dev/個人開発/UBM-Hyogo/.worktrees/task-20260503-083332-wt-8/apps/web/src/lib/admin/types.ts": {"lines":{"total":30,"covered":0,"skipped":0,"pct":0},"functions":{"total":1,"covered":0,"skipped":0,"pct":0},"statements":{"total":30,"covered":0,"skipped":0,"pct":0},"branches":{"total":1,"covered":0,"skipped":0,"pct":0}}
,"/Users/dm/dev/dev/個人開発/UBM-Hyogo/.worktrees/task-20260503-083332-wt-8/apps/web/src/lib/api/me-requests-client.ts": {"lines":{"total":60,"covered":53,"skipped":0,"pct":88.33},"functions":{"total":6,"covered":6,"skipped":0,"pct":100},"statements":{"total":60,"covered":53,"skipped":0,"pct":88.33},"branches":{"total":22,"covered":17,"skipped":0,"pct":77.27}}
,"/Users/dm/dev/dev/個人開発/UBM-Hyogo/.worktrees/task-20260503-083332-wt-8/apps/web/src/lib/api/me-requests.ts": {"lines":{"total":78,"covered":68,"skipped":0,"pct":87.17},"functions":{"total":7,"covered":7,"skipped":0,"pct":100},"statements":{"total":78,"covered":68,"skipped":0,"pct":87.17},"branches":{"total":36,"covered":31,"skipped":0,"pct":86.11}}
,"/Users/dm/dev/dev/個人開発/UBM-Hyogo/.worktrees/task-20260503-083332-wt-8/apps/web/src/lib/api/me-requests.types.ts": {"lines":{"total":1,"covered":1,"skipped":0,"pct":100},"functions":{"total":0,"covered":0,"skipped":0,"pct":100},"statements":{"total":1,"covered":1,"skipped":0,"pct":100},"branches":{"total":0,"covered":0,"skipped":0,"pct":100}}
,"/Users/dm/dev/dev/個人開発/UBM-Hyogo/.worktrees/task-20260503-083332-wt-8/apps/web/src/lib/api/me-types.ts": {"lines":{"total":39,"covered":0,"skipped":0,"pct":0},"functions":{"total":1,"covered":0,"skipped":0,"pct":0},"statements":{"total":39,"covered":0,"skipped":0,"pct":0},"branches":{"total":1,"covered":0,"skipped":0,"pct":0}}
,"/Users/dm/dev/dev/個人開発/UBM-Hyogo/.worktrees/task-20260503-083332-wt-8/apps/web/src/lib/auth/magic-link-client.ts": {"lines":{"total":55,"covered":0,"skipped":0,"pct":0},"functions":{"total":1,"covered":0,"skipped":0,"pct":0},"statements":{"total":55,"covered":0,"skipped":0,"pct":0},"branches":{"total":1,"covered":0,"skipped":0,"pct":0}}
,"/Users/dm/dev/dev/個人開発/UBM-Hyogo/.worktrees/task-20260503-083332-wt-8/apps/web/src/lib/auth/oauth-client.ts": {"lines":{"total":20,"covered":0,"skipped":0,"pct":0},"functions":{"total":1,"covered":0,"skipped":0,"pct":0},"statements":{"total":20,"covered":0,"skipped":0,"pct":0},"branches":{"total":1,"covered":0,"skipped":0,"pct":0}}
,"/Users/dm/dev/dev/個人開発/UBM-Hyogo/.worktrees/task-20260503-083332-wt-8/apps/web/src/lib/auth/verify-magic-link.ts": {"lines":{"total":76,"covered":70,"skipped":0,"pct":92.1},"functions":{"total":4,"covered":4,"skipped":0,"pct":100},"statements":{"total":76,"covered":70,"skipped":0,"pct":92.1},"branches":{"total":34,"covered":27,"skipped":0,"pct":79.41}}
,"/Users/dm/dev/dev/個人開発/UBM-Hyogo/.worktrees/task-20260503-083332-wt-8/apps/web/src/lib/fetch/authed.ts": {"lines":{"total":73,"covered":0,"skipped":0,"pct":0},"functions":{"total":1,"covered":0,"skipped":0,"pct":0},"statements":{"total":73,"covered":0,"skipped":0,"pct":0},"branches":{"total":1,"covered":0,"skipped":0,"pct":0}}
,"/Users/dm/dev/dev/個人開発/UBM-Hyogo/.worktrees/task-20260503-083332-wt-8/apps/web/src/lib/fetch/public.ts": {"lines":{"total":102,"covered":0,"skipped":0,"pct":0},"functions":{"total":1,"covered":0,"skipped":0,"pct":0},"statements":{"total":102,"covered":0,"skipped":0,"pct":0},"branches":{"total":1,"covered":0,"skipped":0,"pct":0}}
,"/Users/dm/dev/dev/個人開発/UBM-Hyogo/.worktrees/task-20260503-083332-wt-8/apps/web/src/lib/url/login-query.ts": {"lines":{"total":42,"covered":42,"skipped":0,"pct":100},"functions":{"total":2,"covered":2,"skipped":0,"pct":100},"statements":{"total":42,"covered":42,"skipped":0,"pct":100},"branches":{"total":8,"covered":8,"skipped":0,"pct":100}}
,"/Users/dm/dev/dev/個人開発/UBM-Hyogo/.worktrees/task-20260503-083332-wt-8/apps/web/src/lib/url/login-redirect.ts": {"lines":{"total":5,"covered":5,"skipped":0,"pct":100},"functions":{"total":1,"covered":1,"skipped":0,"pct":100},"statements":{"total":5,"covered":5,"skipped":0,"pct":100},"branches":{"total":1,"covered":1,"skipped":0,"pct":100}}
,"/Users/dm/dev/dev/個人開発/UBM-Hyogo/.worktrees/task-20260503-083332-wt-8/apps/web/src/lib/url/login-state.ts": {"lines":{"total":25,"covered":24,"skipped":0,"pct":96},"functions":{"total":2,"covered":2,"skipped":0,"pct":100},"statements":{"total":25,"covered":24,"skipped":0,"pct":96},"branches":{"total":6,"covered":2,"skipped":0,"pct":33.33}}
,"/Users/dm/dev/dev/個人開発/UBM-Hyogo/.worktrees/task-20260503-083332-wt-8/apps/web/src/lib/url/members-search.ts": {"lines":{"total":57,"covered":56,"skipped":0,"pct":98.24},"functions":{"total":2,"covered":2,"skipped":0,"pct":100},"statements":{"total":57,"covered":56,"skipped":0,"pct":98.24},"branches":{"total":22,"covered":18,"skipped":0,"pct":81.81}}
,"/Users/dm/dev/dev/個人開発/UBM-Hyogo/.worktrees/task-20260503-083332-wt-8/apps/web/src/lib/url/safe-redirect.ts": {"lines":{"total":14,"covered":14,"skipped":0,"pct":100},"functions":{"total":2,"covered":2,"skipped":0,"pct":100},"statements":{"total":14,"covered":14,"skipped":0,"pct":100},"branches":{"total":15,"covered":14,"skipped":0,"pct":93.33}}
,"/Users/dm/dev/dev/個人開発/UBM-Hyogo/.worktrees/task-20260503-083332-wt-8/apps/web/src/test-utils/fixtures/public.ts": {"lines":{"total":82,"covered":82,"skipped":0,"pct":100},"functions":{"total":4,"covered":4,"skipped":0,"pct":100},"statements":{"total":82,"covered":82,"skipped":0,"pct":100},"branches":{"total":4,"covered":4,"skipped":0,"pct":100}}
}
